{"C:\\Users\\iamni\\Documents\\Coding-Projects\\awarder-app\\src\\App.jsx": {"path":"C:\\Users\\iamni\\Documents\\Coding-Projects\\awarder-app\\src\\App.jsx","all":false,"statementMap":{"0":{"start":{"line":1,"column":0},"end":{"line":1,"column":26}},"1":{"start":{"line":2,"column":0},"end":{"line":2,"column":52}},"2":{"start":{"line":3,"column":0},"end":{"line":3,"column":34}},"3":{"start":{"line":4,"column":0},"end":{"line":4,"column":50}},"4":{"start":{"line":5,"column":0},"end":{"line":5,"column":48}},"5":{"start":{"line":6,"column":0},"end":{"line":6,"column":49}},"6":{"start":{"line":7,"column":0},"end":{"line":7,"column":57}},"8":{"start":{"line":9,"column":0},"end":{"line":9,"column":16}},"9":{"start":{"line":10,"column":0},"end":{"line":10,"column":40}},"10":{"start":{"line":11,"column":0},"end":{"line":11,"column":41}},"11":{"start":{"line":12,"column":0},"end":{"line":12,"column":52}},"12":{"start":{"line":13,"column":0},"end":{"line":13,"column":73}},"13":{"start":{"line":14,"column":0},"end":{"line":14,"column":57}},"14":{"start":{"line":15,"column":0},"end":{"line":15,"column":56}},"15":{"start":{"line":16,"column":0},"end":{"line":16,"column":52}},"16":{"start":{"line":17,"column":0},"end":{"line":17,"column":56}},"18":{"start":{"line":19,"column":0},"end":{"line":19,"column":32}},"19":{"start":{"line":20,"column":0},"end":{"line":20,"column":34}},"21":{"start":{"line":22,"column":0},"end":{"line":22,"column":31}},"22":{"start":{"line":23,"column":0},"end":{"line":23,"column":23}},"23":{"start":{"line":24,"column":0},"end":{"line":24,"column":38}},"25":{"start":{"line":26,"column":0},"end":{"line":26,"column":30}},"28":{"start":{"line":29,"column":0},"end":{"line":29,"column":54}},"29":{"start":{"line":30,"column":0},"end":{"line":30,"column":41}},"30":{"start":{"line":31,"column":0},"end":{"line":31,"column":54}},"31":{"start":{"line":32,"column":0},"end":{"line":32,"column":27}},"34":{"start":{"line":35,"column":0},"end":{"line":35,"column":45}},"35":{"start":{"line":36,"column":0},"end":{"line":36,"column":5}},"36":{"start":{"line":37,"column":0},"end":{"line":37,"column":4}},"39":{"start":{"line":40,"column":0},"end":{"line":40,"column":19}},"40":{"start":{"line":41,"column":0},"end":{"line":41,"column":22}},"41":{"start":{"line":42,"column":0},"end":{"line":42,"column":24}},"42":{"start":{"line":43,"column":0},"end":{"line":43,"column":30}},"43":{"start":{"line":44,"column":0},"end":{"line":44,"column":15}},"44":{"start":{"line":45,"column":0},"end":{"line":45,"column":5}},"45":{"start":{"line":46,"column":0},"end":{"line":46,"column":20}},"48":{"start":{"line":49,"column":0},"end":{"line":49,"column":29}},"49":{"start":{"line":50,"column":0},"end":{"line":50,"column":26}},"50":{"start":{"line":51,"column":0},"end":{"line":51,"column":23}},"52":{"start":{"line":53,"column":0},"end":{"line":53,"column":30}},"53":{"start":{"line":54,"column":0},"end":{"line":54,"column":4}},"55":{"start":{"line":56,"column":0},"end":{"line":56,"column":31}},"56":{"start":{"line":57,"column":0},"end":{"line":57,"column":36}},"57":{"start":{"line":58,"column":0},"end":{"line":58,"column":4}},"60":{"start":{"line":61,"column":0},"end":{"line":61,"column":30}},"61":{"start":{"line":62,"column":0},"end":{"line":62,"column":24}},"62":{"start":{"line":63,"column":0},"end":{"line":63,"column":4}},"65":{"start":{"line":66,"column":0},"end":{"line":66,"column":29}},"66":{"start":{"line":67,"column":0},"end":{"line":67,"column":17}},"67":{"start":{"line":68,"column":0},"end":{"line":68,"column":22}},"68":{"start":{"line":69,"column":0},"end":{"line":69,"column":4}},"71":{"start":{"line":72,"column":0},"end":{"line":72,"column":29}},"72":{"start":{"line":73,"column":0},"end":{"line":73,"column":16}},"73":{"start":{"line":74,"column":0},"end":{"line":74,"column":25}},"74":{"start":{"line":75,"column":0},"end":{"line":75,"column":16}},"75":{"start":{"line":76,"column":0},"end":{"line":76,"column":18}},"76":{"start":{"line":77,"column":0},"end":{"line":77,"column":4}},"79":{"start":{"line":80,"column":0},"end":{"line":80,"column":51}},"82":{"start":{"line":83,"column":0},"end":{"line":83,"column":29}},"83":{"start":{"line":84,"column":0},"end":{"line":84,"column":18}},"84":{"start":{"line":85,"column":0},"end":{"line":85,"column":19}},"85":{"start":{"line":86,"column":0},"end":{"line":86,"column":35}},"86":{"start":{"line":87,"column":0},"end":{"line":87,"column":6}},"88":{"start":{"line":89,"column":0},"end":{"line":89,"column":58}},"89":{"start":{"line":90,"column":0},"end":{"line":90,"column":23}},"90":{"start":{"line":91,"column":0},"end":{"line":91,"column":4}},"93":{"start":{"line":94,"column":0},"end":{"line":94,"column":29}},"94":{"start":{"line":95,"column":0},"end":{"line":95,"column":61}},"95":{"start":{"line":96,"column":0},"end":{"line":96,"column":15}},"96":{"start":{"line":97,"column":0},"end":{"line":97,"column":27}},"97":{"start":{"line":98,"column":0},"end":{"line":98,"column":43}},"98":{"start":{"line":99,"column":0},"end":{"line":99,"column":5}},"99":{"start":{"line":100,"column":0},"end":{"line":100,"column":4}},"101":{"start":{"line":102,"column":0},"end":{"line":102,"column":27}},"102":{"start":{"line":103,"column":0},"end":{"line":103,"column":39}},"103":{"start":{"line":104,"column":0},"end":{"line":104,"column":23}},"104":{"start":{"line":105,"column":0},"end":{"line":105,"column":4}},"107":{"start":{"line":108,"column":0},"end":{"line":108,"column":19}},"108":{"start":{"line":109,"column":0},"end":{"line":109,"column":18}},"109":{"start":{"line":110,"column":0},"end":{"line":110,"column":9}},"112":{"start":{"line":113,"column":0},"end":{"line":113,"column":19}},"113":{"start":{"line":114,"column":0},"end":{"line":114,"column":50}},"114":{"start":{"line":115,"column":0},"end":{"line":115,"column":20}},"115":{"start":{"line":116,"column":0},"end":{"line":116,"column":5}},"116":{"start":{"line":117,"column":0},"end":{"line":117,"column":29}},"118":{"start":{"line":119,"column":0},"end":{"line":119,"column":10}},"119":{"start":{"line":120,"column":0},"end":{"line":120,"column":6}},"120":{"start":{"line":121,"column":0},"end":{"line":121,"column":12}},"121":{"start":{"line":122,"column":0},"end":{"line":122,"column":79}},"122":{"start":{"line":123,"column":0},"end":{"line":123,"column":66}},"123":{"start":{"line":124,"column":0},"end":{"line":124,"column":75}},"124":{"start":{"line":125,"column":0},"end":{"line":125,"column":21}},"125":{"start":{"line":126,"column":0},"end":{"line":126,"column":16}},"126":{"start":{"line":127,"column":0},"end":{"line":127,"column":51}},"127":{"start":{"line":128,"column":0},"end":{"line":128,"column":40}},"128":{"start":{"line":129,"column":0},"end":{"line":129,"column":18}},"129":{"start":{"line":130,"column":0},"end":{"line":130,"column":31}},"130":{"start":{"line":131,"column":0},"end":{"line":131,"column":25}},"131":{"start":{"line":132,"column":0},"end":{"line":132,"column":27}},"132":{"start":{"line":133,"column":0},"end":{"line":133,"column":34}},"133":{"start":{"line":134,"column":0},"end":{"line":134,"column":76}},"134":{"start":{"line":135,"column":0},"end":{"line":135,"column":14}},"135":{"start":{"line":136,"column":0},"end":{"line":136,"column":18}},"136":{"start":{"line":137,"column":0},"end":{"line":137,"column":38}},"137":{"start":{"line":138,"column":0},"end":{"line":138,"column":27}},"138":{"start":{"line":139,"column":0},"end":{"line":139,"column":21}},"139":{"start":{"line":140,"column":0},"end":{"line":140,"column":33}},"140":{"start":{"line":141,"column":0},"end":{"line":141,"column":34}},"141":{"start":{"line":142,"column":0},"end":{"line":142,"column":30}},"142":{"start":{"line":143,"column":0},"end":{"line":143,"column":76}},"144":{"start":{"line":145,"column":0},"end":{"line":145,"column":14}},"145":{"start":{"line":146,"column":0},"end":{"line":146,"column":68}},"147":{"start":{"line":148,"column":0},"end":{"line":148,"column":21}},"148":{"start":{"line":149,"column":0},"end":{"line":149,"column":57}},"150":{"start":{"line":151,"column":0},"end":{"line":151,"column":21}},"151":{"start":{"line":152,"column":0},"end":{"line":152,"column":17}},"152":{"start":{"line":153,"column":0},"end":{"line":153,"column":75}},"153":{"start":{"line":154,"column":0},"end":{"line":154,"column":66}},"155":{"start":{"line":156,"column":0},"end":{"line":156,"column":19}},"156":{"start":{"line":157,"column":0},"end":{"line":157,"column":68}},"158":{"start":{"line":159,"column":0},"end":{"line":159,"column":19}},"159":{"start":{"line":160,"column":0},"end":{"line":160,"column":60}},"160":{"start":{"line":161,"column":0},"end":{"line":161,"column":14}},"161":{"start":{"line":162,"column":0},"end":{"line":162,"column":24}},"162":{"start":{"line":163,"column":0},"end":{"line":163,"column":15}},"163":{"start":{"line":164,"column":0},"end":{"line":164,"column":45}},"164":{"start":{"line":165,"column":0},"end":{"line":165,"column":53}},"165":{"start":{"line":166,"column":0},"end":{"line":166,"column":45}},"166":{"start":{"line":167,"column":0},"end":{"line":167,"column":17}},"167":{"start":{"line":168,"column":0},"end":{"line":168,"column":17}},"168":{"start":{"line":169,"column":0},"end":{"line":169,"column":16}},"170":{"start":{"line":171,"column":0},"end":{"line":171,"column":12}},"172":{"start":{"line":173,"column":0},"end":{"line":173,"column":19}},"173":{"start":{"line":174,"column":0},"end":{"line":174,"column":31}},"174":{"start":{"line":175,"column":0},"end":{"line":175,"column":23}},"175":{"start":{"line":176,"column":0},"end":{"line":176,"column":39}},"176":{"start":{"line":177,"column":0},"end":{"line":177,"column":37}},"177":{"start":{"line":178,"column":0},"end":{"line":178,"column":10}},"178":{"start":{"line":179,"column":0},"end":{"line":179,"column":53}},"179":{"start":{"line":180,"column":0},"end":{"line":180,"column":13}},"180":{"start":{"line":181,"column":0},"end":{"line":181,"column":7}},"182":{"start":{"line":183,"column":0},"end":{"line":183,"column":1}},"184":{"start":{"line":185,"column":0},"end":{"line":185,"column":19}}},"s":{"0":1,"1":1,"2":1,"3":1,"4":1,"5":1,"6":1,"8":17,"9":17,"10":17,"11":17,"12":17,"13":17,"14":17,"15":17,"16":17,"18":17,"19":17,"21":17,"22":1,"23":1,"25":1,"28":1,"29":1,"30":1,"31":1,"34":1,"35":1,"36":1,"39":17,"40":8,"41":1,"42":0,"43":1,"44":1,"45":17,"48":17,"49":0,"50":0,"52":0,"53":0,"55":17,"56":2,"57":2,"60":17,"61":0,"62":0,"65":17,"66":0,"67":0,"68":0,"71":17,"72":0,"73":0,"74":0,"75":0,"76":0,"79":17,"82":17,"83":3,"84":3,"85":3,"86":3,"88":3,"89":3,"90":3,"93":17,"94":7,"95":7,"96":2,"97":2,"98":2,"99":7,"101":17,"102":0,"103":0,"104":0,"107":17,"108":7,"109":17,"112":17,"113":10,"114":3,"115":3,"116":17,"118":17,"119":17,"120":17,"121":17,"122":17,"123":17,"124":17,"125":17,"126":17,"127":17,"128":17,"129":17,"130":17,"131":17,"132":17,"133":17,"134":17,"135":17,"136":17,"137":17,"138":17,"139":17,"140":17,"141":17,"142":0,"144":17,"145":17,"147":17,"148":17,"150":17,"151":17,"152":17,"153":17,"155":17,"156":17,"158":17,"159":17,"160":17,"161":17,"162":2,"163":2,"164":2,"165":1,"166":2,"167":2,"168":2,"170":15,"172":17,"173":17,"174":17,"175":17,"176":17,"177":17,"178":17,"179":17,"180":17,"182":17,"184":1},"branchMap":{"0":{"type":"branch","line":9,"loc":{"start":{"line":9,"column":0},"end":{"line":183,"column":1}},"locations":[{"start":{"line":9,"column":0},"end":{"line":183,"column":1}}]},"1":{"type":"branch","line":122,"loc":{"start":{"line":122,"column":51},"end":{"line":122,"column":75}},"locations":[{"start":{"line":122,"column":51},"end":{"line":122,"column":75}}]},"2":{"type":"branch","line":124,"loc":{"start":{"line":124,"column":38},"end":{"line":124,"column":57}},"locations":[{"start":{"line":124,"column":38},"end":{"line":124,"column":57}}]},"3":{"type":"branch","line":124,"loc":{"start":{"line":124,"column":52},"end":{"line":124,"column":71}},"locations":[{"start":{"line":124,"column":52},"end":{"line":124,"column":71}}]},"4":{"type":"branch","line":162,"loc":{"start":{"line":162,"column":9},"end":{"line":169,"column":16}},"locations":[{"start":{"line":162,"column":9},"end":{"line":169,"column":16}}]},"5":{"type":"branch","line":169,"loc":{"start":{"line":169,"column":10},"end":{"line":171,"column":12}},"locations":[{"start":{"line":169,"column":10},"end":{"line":171,"column":12}}]},"6":{"type":"branch","line":22,"loc":{"start":{"line":22,"column":23},"end":{"line":37,"column":4}},"locations":[{"start":{"line":22,"column":23},"end":{"line":37,"column":4}}]},"7":{"type":"branch","line":31,"loc":{"start":{"line":31,"column":23},"end":{"line":31,"column":52}},"locations":[{"start":{"line":31,"column":23},"end":{"line":31,"column":52}}]},"8":{"type":"branch","line":35,"loc":{"start":{"line":35,"column":15},"end":{"line":35,"column":43}},"locations":[{"start":{"line":35,"column":15},"end":{"line":35,"column":43}}]},"9":{"type":"branch","line":40,"loc":{"start":{"line":40,"column":12},"end":{"line":46,"column":5}},"locations":[{"start":{"line":40,"column":12},"end":{"line":46,"column":5}}]},"10":{"type":"branch","line":41,"loc":{"start":{"line":41,"column":21},"end":{"line":45,"column":5}},"locations":[{"start":{"line":41,"column":21},"end":{"line":45,"column":5}}]},"11":{"type":"branch","line":56,"loc":{"start":{"line":56,"column":24},"end":{"line":58,"column":4}},"locations":[{"start":{"line":56,"column":24},"end":{"line":58,"column":4}}]},"12":{"type":"branch","line":57,"loc":{"start":{"line":57,"column":19},"end":{"line":57,"column":34}},"locations":[{"start":{"line":57,"column":19},"end":{"line":57,"column":34}}]},"13":{"type":"branch","line":83,"loc":{"start":{"line":83,"column":22},"end":{"line":91,"column":4}},"locations":[{"start":{"line":83,"column":22},"end":{"line":91,"column":4}}]},"14":{"type":"branch","line":94,"loc":{"start":{"line":94,"column":22},"end":{"line":100,"column":4}},"locations":[{"start":{"line":94,"column":22},"end":{"line":100,"column":4}}]},"15":{"type":"branch","line":96,"loc":{"start":{"line":96,"column":14},"end":{"line":99,"column":5}},"locations":[{"start":{"line":96,"column":14},"end":{"line":99,"column":5}}]},"16":{"type":"branch","line":108,"loc":{"start":{"line":108,"column":12},"end":{"line":110,"column":5}},"locations":[{"start":{"line":108,"column":12},"end":{"line":110,"column":5}}]},"17":{"type":"branch","line":113,"loc":{"start":{"line":113,"column":12},"end":{"line":117,"column":5}},"locations":[{"start":{"line":113,"column":12},"end":{"line":117,"column":5}}]},"18":{"type":"branch","line":114,"loc":{"start":{"line":114,"column":18},"end":{"line":114,"column":49}},"locations":[{"start":{"line":114,"column":18},"end":{"line":114,"column":49}}]},"19":{"type":"branch","line":114,"loc":{"start":{"line":114,"column":49},"end":{"line":116,"column":5}},"locations":[{"start":{"line":114,"column":49},"end":{"line":116,"column":5}}]},"20":{"type":"branch","line":165,"loc":{"start":{"line":165,"column":33},"end":{"line":166,"column":45}},"locations":[{"start":{"line":165,"column":33},"end":{"line":166,"column":45}}]}},"b":{"0":[17],"1":[0],"2":[15],"3":[2],"4":[2],"5":[15],"6":[1],"7":[1],"8":[1],"9":[8],"10":[1],"11":[2],"12":[2],"13":[3],"14":[7],"15":[2],"16":[7],"17":[10],"18":[7],"19":[3],"20":[1]},"fnMap":{"0":{"name":"App","decl":{"start":{"line":9,"column":0},"end":{"line":183,"column":1}},"loc":{"start":{"line":9,"column":0},"end":{"line":183,"column":1}},"line":9},"1":{"name":"handleSubmit","decl":{"start":{"line":22,"column":23},"end":{"line":37,"column":4}},"loc":{"start":{"line":22,"column":23},"end":{"line":37,"column":4}},"line":22},"2":{"name":"handleFinal","decl":{"start":{"line":49,"column":22},"end":{"line":54,"column":4}},"loc":{"start":{"line":49,"column":22},"end":{"line":54,"column":4}},"line":49},"3":{"name":"handlePreview","decl":{"start":{"line":56,"column":24},"end":{"line":58,"column":4}},"loc":{"start":{"line":56,"column":24},"end":{"line":58,"column":4}},"line":56},"4":{"name":"handleReturn","decl":{"start":{"line":61,"column":23},"end":{"line":63,"column":4}},"loc":{"start":{"line":61,"column":23},"end":{"line":63,"column":4}},"line":61},"5":{"name":"handleClear","decl":{"start":{"line":66,"column":22},"end":{"line":69,"column":4}},"loc":{"start":{"line":66,"column":22},"end":{"line":69,"column":4}},"line":66},"6":{"name":"handleReset","decl":{"start":{"line":72,"column":22},"end":{"line":77,"column":4}},"loc":{"start":{"line":72,"column":22},"end":{"line":77,"column":4}},"line":72},"7":{"name":"saveAllData","decl":{"start":{"line":83,"column":22},"end":{"line":91,"column":4}},"loc":{"start":{"line":83,"column":22},"end":{"line":91,"column":4}},"line":83},"8":{"name":"restoreData","decl":{"start":{"line":94,"column":22},"end":{"line":100,"column":4}},"loc":{"start":{"line":94,"column":22},"end":{"line":100,"column":4}},"line":94},"9":{"name":"clearData","decl":{"start":{"line":102,"column":20},"end":{"line":105,"column":4}},"loc":{"start":{"line":102,"column":20},"end":{"line":105,"column":4}},"line":102},"10":{"name":"onChange","decl":{"start":{"line":134,"column":24},"end":{"line":134,"column":76}},"loc":{"start":{"line":134,"column":24},"end":{"line":134,"column":76}},"line":134},"11":{"name":"onChange","decl":{"start":{"line":142,"column":24},"end":{"line":143,"column":76}},"loc":{"start":{"line":142,"column":24},"end":{"line":143,"column":76}},"line":142}},"f":{"0":17,"1":1,"2":0,"3":2,"4":0,"5":0,"6":0,"7":3,"8":7,"9":0,"10":0,"11":0}}
,"C:\\Users\\iamni\\Documents\\Coding-Projects\\awarder-app\\src\\Home.jsx": {"path":"C:\\Users\\iamni\\Documents\\Coding-Projects\\awarder-app\\src\\Home.jsx","all":true,"statementMap":{"0":{"start":{"line":1,"column":0},"end":{"line":1,"column":26}},"1":{"start":{"line":2,"column":0},"end":{"line":2,"column":40}},"3":{"start":{"line":4,"column":0},"end":{"line":4,"column":20}},"4":{"start":{"line":5,"column":0},"end":{"line":5,"column":31}},"5":{"start":{"line":6,"column":0},"end":{"line":6,"column":23}},"6":{"start":{"line":7,"column":0},"end":{"line":7,"column":16}},"7":{"start":{"line":8,"column":0},"end":{"line":8,"column":18}},"8":{"start":{"line":9,"column":0},"end":{"line":9,"column":17}},"9":{"start":{"line":10,"column":0},"end":{"line":10,"column":64}},"10":{"start":{"line":11,"column":0},"end":{"line":11,"column":6}},"11":{"start":{"line":12,"column":0},"end":{"line":12,"column":4}},"12":{"start":{"line":13,"column":0},"end":{"line":13,"column":10}},"13":{"start":{"line":14,"column":0},"end":{"line":14,"column":9}},"14":{"start":{"line":15,"column":0},"end":{"line":15,"column":12}},"15":{"start":{"line":16,"column":0},"end":{"line":16,"column":28}},"16":{"start":{"line":17,"column":0},"end":{"line":17,"column":11}},"19":{"start":{"line":20,"column":0},"end":{"line":20,"column":12}},"20":{"start":{"line":21,"column":0},"end":{"line":21,"column":59}},"21":{"start":{"line":22,"column":0},"end":{"line":22,"column":41}},"23":{"start":{"line":24,"column":0},"end":{"line":24,"column":15}},"24":{"start":{"line":25,"column":0},"end":{"line":25,"column":13}},"25":{"start":{"line":26,"column":0},"end":{"line":26,"column":10}},"27":{"start":{"line":28,"column":0},"end":{"line":28,"column":2}},"29":{"start":{"line":30,"column":0},"end":{"line":30,"column":20}}},"s":{"0":0,"1":0,"3":0,"4":0,"5":0,"6":0,"7":0,"8":0,"9":0,"10":0,"11":0,"12":0,"13":0,"14":0,"15":0,"16":0,"19":0,"20":0,"21":0,"23":0,"24":0,"25":0,"27":0,"29":0},"branchMap":{"0":{"type":"branch","line":1,"loc":{"start":{"line":1,"column":679},"end":{"line":30,"column":20}},"locations":[{"start":{"line":1,"column":679},"end":{"line":30,"column":20}}]}},"b":{"0":[0]},"fnMap":{"0":{"name":"(empty-report)","decl":{"start":{"line":1,"column":679},"end":{"line":30,"column":20}},"loc":{"start":{"line":1,"column":679},"end":{"line":30,"column":20}},"line":1}},"f":{"0":0}}
,"C:\\Users\\iamni\\Documents\\Coding-Projects\\awarder-app\\src\\main.jsx": {"path":"C:\\Users\\iamni\\Documents\\Coding-Projects\\awarder-app\\src\\main.jsx","all":true,"statementMap":{"0":{"start":{"line":1,"column":0},"end":{"line":1,"column":40}},"1":{"start":{"line":2,"column":0},"end":{"line":2,"column":30}},"2":{"start":{"line":3,"column":0},"end":{"line":3,"column":19}},"3":{"start":{"line":4,"column":0},"end":{"line":4,"column":8}},"9":{"start":{"line":10,"column":0},"end":{"line":10,"column":28}},"10":{"start":{"line":11,"column":0},"end":{"line":11,"column":26}},"12":{"start":{"line":13,"column":0},"end":{"line":13,"column":35}},"13":{"start":{"line":14,"column":0},"end":{"line":14,"column":27}},"14":{"start":{"line":15,"column":0},"end":{"line":15,"column":11}},"15":{"start":{"line":16,"column":0},"end":{"line":16,"column":43}},"16":{"start":{"line":17,"column":0},"end":{"line":17,"column":45}},"17":{"start":{"line":18,"column":0},"end":{"line":18,"column":12}},"18":{"start":{"line":19,"column":0},"end":{"line":19,"column":4}},"19":{"start":{"line":20,"column":0},"end":{"line":20,"column":47}},"20":{"start":{"line":21,"column":0},"end":{"line":21,"column":2}},"22":{"start":{"line":23,"column":0},"end":{"line":23,"column":60}},"23":{"start":{"line":24,"column":0},"end":{"line":24,"column":20}},"24":{"start":{"line":25,"column":0},"end":{"line":25,"column":38}},"25":{"start":{"line":26,"column":0},"end":{"line":26,"column":21}},"26":{"start":{"line":27,"column":0},"end":{"line":27,"column":2}}},"s":{"0":0,"1":0,"2":0,"3":0,"9":0,"10":0,"12":0,"13":0,"14":0,"15":0,"16":0,"17":0,"18":0,"19":0,"20":0,"22":0,"23":0,"24":0,"25":0,"26":0},"branchMap":{"0":{"type":"branch","line":1,"loc":{"start":{"line":1,"column":385},"end":{"line":27,"column":-425}},"locations":[{"start":{"line":1,"column":385},"end":{"line":27,"column":-425}}]}},"b":{"0":[0]},"fnMap":{"0":{"name":"(empty-report)","decl":{"start":{"line":1,"column":385},"end":{"line":27,"column":-425}},"loc":{"start":{"line":1,"column":385},"end":{"line":27,"column":-425}},"line":1}},"f":{"0":0}}
,"C:\\Users\\iamni\\Documents\\Coding-Projects\\awarder-app\\src\\components\\FinalScore.jsx": {"path":"C:\\Users\\iamni\\Documents\\Coding-Projects\\awarder-app\\src\\components\\FinalScore.jsx","all":false,"statementMap":{"0":{"start":{"line":1,"column":0},"end":{"line":1,"column":26}},"1":{"start":{"line":2,"column":0},"end":{"line":2,"column":50}},"2":{"start":{"line":3,"column":0},"end":{"line":3,"column":50}},"4":{"start":{"line":5,"column":0},"end":{"line":5,"column":75}},"5":{"start":{"line":6,"column":0},"end":{"line":6,"column":10}},"6":{"start":{"line":7,"column":0},"end":{"line":7,"column":74}},"7":{"start":{"line":8,"column":0},"end":{"line":8,"column":54}},"8":{"start":{"line":9,"column":0},"end":{"line":9,"column":33}},"9":{"start":{"line":10,"column":0},"end":{"line":10,"column":39}},"10":{"start":{"line":11,"column":0},"end":{"line":11,"column":37}},"11":{"start":{"line":12,"column":0},"end":{"line":12,"column":14}},"12":{"start":{"line":13,"column":0},"end":{"line":13,"column":59}},"13":{"start":{"line":14,"column":0},"end":{"line":14,"column":39}},"14":{"start":{"line":15,"column":0},"end":{"line":15,"column":37}},"15":{"start":{"line":16,"column":0},"end":{"line":16,"column":14}},"16":{"start":{"line":17,"column":0},"end":{"line":17,"column":12}},"17":{"start":{"line":18,"column":0},"end":{"line":18,"column":30}},"18":{"start":{"line":19,"column":0},"end":{"line":19,"column":12}},"19":{"start":{"line":20,"column":0},"end":{"line":20,"column":49}},"20":{"start":{"line":21,"column":0},"end":{"line":21,"column":41}},"21":{"start":{"line":22,"column":0},"end":{"line":22,"column":13}},"22":{"start":{"line":23,"column":0},"end":{"line":23,"column":13}},"23":{"start":{"line":24,"column":0},"end":{"line":24,"column":12}},"24":{"start":{"line":25,"column":0},"end":{"line":25,"column":10}},"26":{"start":{"line":27,"column":0},"end":{"line":27,"column":2}},"28":{"start":{"line":29,"column":0},"end":{"line":29,"column":26}}},"s":{"0":1,"1":1,"2":1,"4":1,"5":17,"6":17,"7":17,"8":17,"9":17,"10":17,"11":17,"12":17,"13":17,"14":17,"15":17,"16":17,"17":17,"18":17,"19":17,"20":7,"21":17,"22":17,"23":17,"24":17,"26":17,"28":1},"branchMap":{"0":{"type":"branch","line":5,"loc":{"start":{"line":5,"column":19},"end":{"line":27,"column":2}},"locations":[{"start":{"line":5,"column":19},"end":{"line":27,"column":2}}]},"1":{"type":"branch","line":7,"loc":{"start":{"line":7,"column":34},"end":{"line":7,"column":51}},"locations":[{"start":{"line":7,"column":34},"end":{"line":7,"column":51}}]},"2":{"type":"branch","line":20,"loc":{"start":{"line":20,"column":29},"end":{"line":21,"column":41}},"locations":[{"start":{"line":20,"column":29},"end":{"line":21,"column":41}}]}},"b":{"0":[17],"1":[0],"2":[7]},"fnMap":{"0":{"name":"FinalScore","decl":{"start":{"line":5,"column":19},"end":{"line":27,"column":2}},"loc":{"start":{"line":5,"column":19},"end":{"line":27,"column":2}},"line":5}},"f":{"0":17}}
,"C:\\Users\\iamni\\Documents\\Coding-Projects\\awarder-app\\src\\components\\Shortcuts\\Shortcut.jsx": {"path":"C:\\Users\\iamni\\Documents\\Coding-Projects\\awarder-app\\src\\components\\Shortcuts\\Shortcut.jsx","all":false,"statementMap":{"0":{"start":{"line":1,"column":0},"end":{"line":1,"column":25}},"2":{"start":{"line":3,"column":0},"end":{"line":3,"column":49}},"3":{"start":{"line":4,"column":0},"end":{"line":4,"column":10}},"4":{"start":{"line":5,"column":0},"end":{"line":5,"column":83}},"5":{"start":{"line":6,"column":0},"end":{"line":6,"column":15}},"6":{"start":{"line":7,"column":0},"end":{"line":7,"column":13}},"8":{"start":{"line":9,"column":0},"end":{"line":9,"column":1}},"10":{"start":{"line":11,"column":0},"end":{"line":11,"column":23}}},"s":{"0":1,"2":1,"3":221,"4":221,"5":221,"6":221,"8":221,"10":1},"branchMap":{"0":{"type":"branch","line":3,"loc":{"start":{"line":3,"column":17},"end":{"line":9,"column":1}},"locations":[{"start":{"line":3,"column":17},"end":{"line":9,"column":1}}]},"1":{"type":"branch","line":5,"loc":{"start":{"line":5,"column":42},"end":{"line":5,"column":83}},"locations":[{"start":{"line":5,"column":42},"end":{"line":5,"column":83}}]},"2":{"type":"branch","line":5,"loc":{"start":{"line":5,"column":58},"end":{"line":5,"column":80}},"locations":[{"start":{"line":5,"column":58},"end":{"line":5,"column":80}}]}},"b":{"0":[221],"1":[2],"2":[2]},"fnMap":{"0":{"name":"Shortcut","decl":{"start":{"line":3,"column":17},"end":{"line":9,"column":1}},"loc":{"start":{"line":3,"column":17},"end":{"line":9,"column":1}},"line":3},"1":{"name":"onClick","decl":{"start":{"line":5,"column":42},"end":{"line":5,"column":83}},"loc":{"start":{"line":5,"column":42},"end":{"line":5,"column":83}},"line":5}},"f":{"0":221,"1":2}}
,"C:\\Users\\iamni\\Documents\\Coding-Projects\\awarder-app\\src\\components\\Shortcuts\\Shortcuts.jsx": {"path":"C:\\Users\\iamni\\Documents\\Coding-Projects\\awarder-app\\src\\components\\Shortcuts\\Shortcuts.jsx","all":false,"statementMap":{"0":{"start":{"line":1,"column":0},"end":{"line":1,"column":26}},"1":{"start":{"line":2,"column":0},"end":{"line":2,"column":34}},"3":{"start":{"line":4,"column":0},"end":{"line":4,"column":53}},"4":{"start":{"line":5,"column":0},"end":{"line":5,"column":10}},"5":{"start":{"line":6,"column":0},"end":{"line":6,"column":31}},"6":{"start":{"line":7,"column":0},"end":{"line":7,"column":80}},"7":{"start":{"line":8,"column":0},"end":{"line":8,"column":74}},"8":{"start":{"line":9,"column":0},"end":{"line":9,"column":71}},"9":{"start":{"line":10,"column":0},"end":{"line":10,"column":68}},"10":{"start":{"line":11,"column":0},"end":{"line":11,"column":79}},"12":{"start":{"line":13,"column":0},"end":{"line":13,"column":65}},"13":{"start":{"line":14,"column":0},"end":{"line":14,"column":65}},"14":{"start":{"line":15,"column":0},"end":{"line":15,"column":65}},"15":{"start":{"line":16,"column":0},"end":{"line":16,"column":11}},"16":{"start":{"line":17,"column":0},"end":{"line":17,"column":66}},"17":{"start":{"line":18,"column":0},"end":{"line":18,"column":80}},"18":{"start":{"line":19,"column":0},"end":{"line":19,"column":83}},"19":{"start":{"line":20,"column":0},"end":{"line":20,"column":84}},"21":{"start":{"line":22,"column":0},"end":{"line":22,"column":67}},"22":{"start":{"line":23,"column":0},"end":{"line":23,"column":10}},"24":{"start":{"line":25,"column":0},"end":{"line":25,"column":2}},"26":{"start":{"line":27,"column":0},"end":{"line":27,"column":25}}},"s":{"0":1,"1":1,"3":1,"4":17,"5":17,"6":17,"7":17,"8":17,"9":17,"10":17,"12":17,"13":17,"14":17,"15":17,"16":17,"17":17,"18":17,"19":17,"21":17,"22":17,"24":17,"26":1},"branchMap":{"0":{"type":"branch","line":4,"loc":{"start":{"line":4,"column":18},"end":{"line":25,"column":2}},"locations":[{"start":{"line":4,"column":18},"end":{"line":25,"column":2}}]}},"b":{"0":[17]},"fnMap":{"0":{"name":"Shortcuts","decl":{"start":{"line":4,"column":18},"end":{"line":25,"column":2}},"loc":{"start":{"line":4,"column":18},"end":{"line":25,"column":2}},"line":4}},"f":{"0":17}}
}
